Optimization parameters:
    log_out 1.res.json
    bounds 1.bound
    seed 1234
    verbose 2
    kind ucb
    xi 0.1
    kappa 2.5
    alpha 1e-6
    nsearch 5
    nbayes 5
Reading bounds from: 1.bound
Objective function initialization..
Exporting to 1.res.json:
Random search for 5 steps:
{'x': -3.084805496211077, 'y': 1.2210877103983186} -8.56490472514324
{'x': -0.6227226099288554, 'y': 2.8535858371376923} -2.823563904554045
{'x': 2.7997580811880347, 'y': -2.2740739471735836} -17.558205524738515
{'x': -2.235357448569033, 'y': 3.0187217753501923} -8.07206052914609
{'x': 4.5813935368370515, 'y': 3.759326347420947} -27.603048630943732
Bayesian optimization for 5 steps:
{'x': -0.3231151126402322, 'y': 0.5893899051899578} 0.7269959740235783
{'x': -2.3632561307032462, 'y': -2.919973329377049} -19.951170442333865
{'x': 1.0960209938610568, 'y': 1.4100025685427742} -0.36936412519585105
{'x': -5.0, 'y': 5.0} -40.0
{'x': 5.0, 'y': -5.0} -60.0
Optimum probe:
   x -0.323115
   y 0.589390
Optimum value:
    0.7269959740235783
