Optimization parameters:
    log_out 2.res.json
    log_in 1.res.json
    bounds 2.bound
    seed 1234
    verbose 2
    kind ucb
    xi 0.1
    kappa 2.5
    alpha 1e-6
    nsearch 0
    nbayes 10
Reading bounds from: 2.bound
Objective function initialization..
Exporting to 2.res.json:
Importing from 1.res.json:
Random search for 0 steps:
Bayesian optimization for 10 steps:
   {'x': 0.988044204714051, 'y': -0.6045629357875031} -2.550853565372032
   {'x': -0.9369769247307954, 'y': 1.5906489422150745} -0.22679193041776502
   {'x': 0.17394273374522656, 'y': 1.2509764146259073} 0.9067547646787619
   {'x': 2.0, 'y': 0.3341050695678287} -3.4434160583752664
   {'x': 0.5395819422748968, 'y': 0.6156167964408213} 0.561100880392433
   {'x': -0.18268812112506824, 'y': 1.012455328160175} 0.9664699152002147
   {'x': 0.08562144767479311, 'y': 0.8677551295141565} 0.9751802619282551
   {'x': 0.047167907474172856, 'y': 1.0181670476120097} 0.9974451468855708
   {'x': 0.20337121169377118, 'y': 1.0144201808230981} 0.9584322086392365
   {'x': -0.020554022808855002, 'y': 1.0187460461482853} 0.9992261179001795
Optimum probe:
   x -0.020554
   y 1.018746
Optimum value:
   0.9992261179001795
